<?xml version="1.0" encoding="UTF-8"?>
<testsuite xmlns:xsi="http://www.w3.org/2001/XMLSchema-instance" xsi:noNamespaceSchemaLocation="https://maven.apache.org/surefire/maven-surefire-plugin/xsd/surefire-test-report-3.0.xsd" version="3.0" name="app.Controladores.ControladorProductoTest" time="5.321" tests="4" errors="0" skipped="0" failures="0">
  <properties>
[...]
</properties>
  <testcase name="testSave" classname="app.Controladores.ControladorProductoTest" time="2.093">
    <system-out><![CDATA[Se ha creado la tablas 6
29
Se ha borrado la tabla cliente y producto
]]></system-out>
  </testcase>
  <testcase name="testGetAlergenosByIngredient" classname="app.Controladores.ControladorProductoTest" time="1.116">
    <system-out><![CDATA[Se ha creado la tablas 6
29
Se ha borrado la tabla cliente y producto
]]></system-out>
  </testcase>
  <testcase name="testDelete" classname="app.Controladores.ControladorProductoTest" time="1.08">
    <system-out><![CDATA[Se ha creado la tablas 6
29
Se ha borrado la tabla cliente y producto
]]></system-out>
  </testcase>
  <testcase name="testCatalogoProductos" classname="app.Controladores.ControladorProductoTest" time="0.999">
    <system-out><![CDATA[Se ha creado la tablas 6
29
Se ha borrado la tabla cliente y producto
]]></system-out>
  </testcase>
</testsuite>