<?xml version="1.0" encoding="UTF-8"?>
<testsuite xmlns:xsi="http://www.w3.org/2001/XMLSchema-instance" xsi:noNamespaceSchemaLocation="https://maven.apache.org/surefire/maven-surefire-plugin/xsd/surefire-test-report-3.0.xsd" version="3.0" name="app.Controladores.ContraladorPedidoTest" time="0.054" tests="8" errors="0" skipped="0" failures="0">
  <properties>
[...]
</properties>
  <testcase name="testEntregarPedido" classname="app.Controladores.ContraladorPedidoTest" time="0.022"/>
  <testcase name="testGetLineasOrdersByOrder" classname="app.Controladores.ContraladorPedidoTest" time="0.001"/>
  <testcase name="testCancelarPedido" classname="app.Controladores.ContraladorPedidoTest" time="0.001"/>
  <testcase name="testGetOrdersByCustumer" classname="app.Controladores.ContraladorPedidoTest" time="0.002"/>
  <testcase name="testFinalizarPedido" classname="app.Controladores.ContraladorPedidoTest" time="0.001"/>
  <testcase name="testGetOrdersByStatus" classname="app.Controladores.ContraladorPedidoTest" time="0.0"/>
  <testcase name="testAddOrderLine" classname="app.Controladores.ContraladorPedidoTest" time="0.001"/>
  <testcase name="testAddCarrito" classname="app.Controladores.ContraladorPedidoTest" time="0.001"/>
</testsuite>